MCS-Spring-2016-Mobile-Application-Development/Inclass Assignments/PA4AD_Ch05_BoadcastIntents/app/build/outputs/logs/manifest-merger-debug-report.txt
-- Merging decision tree log ---
manifest
ADDED from src\main\AndroidManifest.xml:2:1-31:12
	package
		ADDED from src\main\AndroidManifest.xml:3:5-40
		INJECTED from src\main\AndroidManifest.xml
		INJECTED from src\main\AndroidManifest.xml
	android:versionName
		ADDED from src\main\AndroidManifest.xml:5:5-30
		INJECTED from src\main\AndroidManifest.xml
		INJECTED from src\main\AndroidManifest.xml
	android:versionCode
		ADDED from src\main\AndroidManifest.xml:4:5-28
		INJECTED from src\main\AndroidManifest.xml
		INJECTED from src\main\AndroidManifest.xml
	xmlns:android
		ADDED from src\main\AndroidManifest.xml:2:11-69
uses-sdk
ADDED from src\main\AndroidManifest.xml:7:5-44
	android:targetSdkVersion
		INJECTED from src\main\AndroidManifest.xml
		INJECTED from src\main\AndroidManifest.xml
	android:minSdkVersion
		ADDED from src\main\AndroidManifest.xml:7:15-41
		INJECTED from src\main\AndroidManifest.xml
		INJECTED from src\main\AndroidManifest.xml
application
ADDED from src\main\AndroidManifest.xml:9:5-29:19
	android:label
		ADDED from src\main\AndroidManifest.xml:11:9-41
	android:icon
		ADDED from src\main\AndroidManifest.xml:10:9-46
activity#com.paad.broadcastintents.MyActivity
ADDED from src\main\AndroidManifest.xml:12:9-26:20
	android:label
		ADDED from src\main\AndroidManifest.xml:14:13-45
	android:name
		ADDED from src\main\AndroidManifest.xml:13:13-39
intent-filter#android.intent.action.MAIN+android.intent.category.LAUNCHER
ADDED from src\main\AndroidManifest.xml:15:13-19:29
action#android.intent.action.MAIN
ADDED from src\main\AndroidManifest.xml:16:17-69
	android:name
		ADDED from src\main\AndroidManifest.xml:16:25-66
category#android.intent.category.LAUNCHER
ADDED from src\main\AndroidManifest.xml:18:17-77
	android:name
		ADDED from src\main\AndroidManifest.xml:18:27-74
receiver#com.paad.broadcastintents.LifeformDetectedReceiver
ADDED from src\main\AndroidManifest.xml:20:13-25:24
	android:name
		ADDED from src\main\AndroidManifest.xml:20:23-63
intent-filter#android.intent.action.AIRPLANE_MODE+android.net.wifi.WifiManager.WIFI_STATE_CHANGED_ACTION
ADDED from src\main\AndroidManifest.xml:21:17-24:33
action#android.net.wifi.WifiManager.WIFI_STATE_CHANGED_ACTION
ADDED from src\main\AndroidManifest.xml:22:21-101
	android:name
		ADDED from src\main\AndroidManifest.xml:22:29-98
action#android.intent.action.AIRPLANE_MODE
ADDED from src\main\AndroidManifest.xml:23:21-82
	android:name
		ADDED from src\main\AndroidManifest.xml:23:29-79